Determining if the pthread_create exist failed with the following output:
Change Dir: /home/hcilab/Documents/PandaFCI/src/panda_ros/build/CMakeFiles/CMakeTmp

Run Build Command:"/usr/bin/make" "cmTC_76f8e/fast"
/usr/bin/make -f CMakeFiles/cmTC_76f8e.dir/build.make CMakeFiles/cmTC_76f8e.dir/build
make[1]: Entering directory '/home/hcilab/Documents/PandaFCI/src/panda_ros/build/CMakeFiles/CMakeTmp'
Building C object CMakeFiles/cmTC_76f8e.dir/CheckSymbolExists.c.o
/usr/bin/cc    -o CMakeFiles/cmTC_76f8e.dir/CheckSymbolExists.c.o   -c /home/hcilab/Documents/PandaFCI/src/panda_ros/build/CMakeFiles/CMakeTmp/CheckSymbolExists.c
Linking C executable cmTC_76f8e
/usr/bin/cmake -E cmake_link_script CMakeFiles/cmTC_76f8e.dir/link.txt --verbose=1
/usr/bin/cc      -rdynamic CMakeFiles/cmTC_76f8e.dir/CheckSymbolExists.c.o  -o cmTC_76f8e 
CMakeFiles/cmTC_76f8e.dir/CheckSymbolExists.c.o: In function `main':
CheckSymbolExists.c:(.text+0x1b): undefined reference to `pthread_create'
collect2: error: ld returned 1 exit status
CMakeFiles/cmTC_76f8e.dir/build.make:97: recipe for target 'cmTC_76f8e' failed
make[1]: *** [cmTC_76f8e] Error 1
make[1]: Leaving directory '/home/hcilab/Documents/PandaFCI/src/panda_ros/build/CMakeFiles/CMakeTmp'
Makefile:126: recipe for target 'cmTC_76f8e/fast' failed
make: *** [cmTC_76f8e/fast] Error 2

File /home/hcilab/Documents/PandaFCI/src/panda_ros/build/CMakeFiles/CMakeTmp/CheckSymbolExists.c:
/* */
#include <pthread.h>

int main(int argc, char** argv)
{
  (void)argv;
#ifndef pthread_create
  return ((int*)(&pthread_create))[argc];
#else
  (void)argc;
  return 0;
#endif
}

Determining if the function pthread_create exists in the pthreads failed with the following output:
Change Dir: /home/hcilab/Documents/PandaFCI/src/panda_ros/build/CMakeFiles/CMakeTmp

Run Build Command:"/usr/bin/make" "cmTC_fa25d/fast"
/usr/bin/make -f CMakeFiles/cmTC_fa25d.dir/build.make CMakeFiles/cmTC_fa25d.dir/build
make[1]: Entering directory '/home/hcilab/Documents/PandaFCI/src/panda_ros/build/CMakeFiles/CMakeTmp'
Building C object CMakeFiles/cmTC_fa25d.dir/CheckFunctionExists.c.o
/usr/bin/cc   -DCHECK_FUNCTION_EXISTS=pthread_create   -o CMakeFiles/cmTC_fa25d.dir/CheckFunctionExists.c.o   -c /usr/share/cmake-3.10/Modules/CheckFunctionExists.c
Linking C executable cmTC_fa25d
/usr/bin/cmake -E cmake_link_script CMakeFiles/cmTC_fa25d.dir/link.txt --verbose=1
/usr/bin/cc  -DCHECK_FUNCTION_EXISTS=pthread_create    -rdynamic CMakeFiles/cmTC_fa25d.dir/CheckFunctionExists.c.o  -o cmTC_fa25d -lpthreads 
/usr/bin/ld: cannot find -lpthreads
collect2: error: ld returned 1 exit status
CMakeFiles/cmTC_fa25d.dir/build.make:97: recipe for target 'cmTC_fa25d' failed
make[1]: *** [cmTC_fa25d] Error 1
make[1]: Leaving directory '/home/hcilab/Documents/PandaFCI/src/panda_ros/build/CMakeFiles/CMakeTmp'
Makefile:126: recipe for target 'cmTC_fa25d/fast' failed
make: *** [cmTC_fa25d/fast] Error 2


